

> @onetool/web@0.1.0 build /Users/patrickcarter/CodingProjects/WebDevProjects/NextJSProjects/nextjs-onetool/apps/web
> next build --turbopack

   [1m[38;2;173;127;168m▲ Next.js 16.0.10[39m[22m (Turbopack)
   - Environments: .env.local
   - Experiments (use with caution):
     [1m✓[22m globalNotFound
     [1m✓[22m viewTransition

 [33m[1m⚠[22m[39m The "middleware" file convention is deprecated. Please use "proxy" instead. Learn more: https://nextjs.org/docs/messages/middleware-to-proxy
 [37m[1m [22m[39m Creating an optimized production build ...
 [32m[1m✓[22m[39m Compiled successfully in 6.8s
[?25l [37m[1m [22m[39m Running TypeScript  [36m.[39m[2K[1G [37m[1m [22m[39m Running TypeScript  [36m..[39m[2K[1G [37m[1m [22m[39m Running TypeScript  [36m...[39m[2K[1G [37m[1m [22m[39m Running TypeScript  [36m.[39m[2K[1G [37m[1m [22m[39m Running TypeScript  [36m..[39m[2K[1G [37m[1m [22m[39m Running TypeScript  [36m...[39m[2K[1G [37m[1m [22m[39m Running TypeScript  [36m.[39m[2K[1G [37m[1m [22m[39m Running TypeScript  [36m..[39m[2K[1G [37m[1m [22m[39m Running TypeScript  [36m...[39m[2K[1G [37m[1m [22m[39m Running TypeScript  [36m.[39m[2K[1G [37m[1m [22m[39m Running TypeScript  [36m..[39m[2K[1G [37m[1m [22m[39m Running TypeScript  [36m...[39m[2K[1G [37m[1m [22m[39m Running TypeScript  [36m.[39m[2K[1G [37m[1m [22m[39m Running TypeScript  [36m..[39m[2K[1G [37m[1m [22m[39m Running TypeScript  [36m...[39m[2K[1G [37m[1m [22m[39m Running TypeScript  [36m.[39m[2K[1G [37m[1m [22m[39m Running TypeScript  [36m..[39m[2K[1G [37m[1m [22m[39m Running TypeScript  [36m...[39m[2K[1G [37m[1m [22m[39m Running TypeScript  [36m.[39m[2K[1G [37m[1m [22m[39m Running TypeScript  [36m..[39m[2K[1G [37m[1m [22m[39m Running TypeScript  [36m...[39m[2K[1G [37m[1m [22m[39m Running TypeScript  [36m.[39m[2K[1G [37m[1m [22m[39m Running TypeScript  [36m..[39m[2K[1G [37m[1m [22m[39m Running TypeScript  [36m...[39m[2K[1G [37m[1m [22m[39m Running TypeScript  [36m.[39m[2K[1G [37m[1m [22m[39m Running TypeScript  [36m..[39m[2K[1G [37m[1m [22m[39m Running TypeScript  [36m...[39m[2K[1G [37m[1m [22m[39m Running TypeScript  [36m.[39m[2K[1G [37m[1m [22m[39m Running TypeScript  [36m..[39m[2K[1G [37m[1m [22m[39m Running TypeScript  [36m...[39m[2K[1G [37m[1m [22m[39m Running TypeScript  [36m.[39m[2K[1G [37m[1m [22m[39m Running TypeScript  [36m..[39m[2K[1G [37m[1m [22m[39m Running TypeScript  [36m...[39m[2K[1G [37m[1m [22m[39m Running TypeScript  [36m.[39m[2K[1G [37m[1m [22m[39m Running TypeScript  [36m..[39m[2K[1G [37m[1m [22m[39m Running TypeScript  [36m...[39m[2K[1G [37m[1m [22m[39m Running TypeScript  [36m.[39m[2K[1G [37m[1m [22m[39m Running TypeScript  [36m..[39m[2K[1G [37m[1m [22m[39m Running TypeScript  [36m...[39m[2K[1G [37m[1m [22m[39m Running TypeScript  [36m.[39m[2K[1G [37m[1m [22m[39m Running TypeScript  [36m..[39m[2K[1G [37m[1m [22m[39m Running TypeScript  [36m...[39m[2K[1G [37m[1m [22m[39m Running TypeScript  [36m.[39m[2K[1G [37m[1m [22m[39m Running TypeScript  [36m..[39m[2K[1G [37m[1m [22m[39m Running TypeScript  [36m...[39m[2K[1G [37m[1m [22m[39m Running TypeScript  [36m.[39m[2K[1G [37m[1m [22m[39m Running TypeScript  [36m..[39m[2K[1G [37m[1m [22m[39m Running TypeScript  [36m...[39m[2K[1G [37m[1m [22m[39m Running TypeScript  [36m.[39m[2K[1G [37m[1m [22m[39m Running TypeScript  [36m..[39m[2K[1G [37m[1m [22m[39m Running TypeScript  [36m...[39m[2K[1G [37m[1m [22m[39m Running TypeScript  [36m.[39m[2K[1G [37m[1m [22m[39m Running TypeScript  [36m..[39m[2K[1G [37m[1m [22m[39m Running TypeScript  [36m...[39m[2K[1G [37m[1m [22m[39m Running TypeScript  [36m.[39m[2K[1G [37m[1m [22m[39m Running TypeScript  [36m..[39m[2K[1G [37m[1m [22m[39m Running TypeScript  [36m...[39m[2K[1G [37m[1m [22m[39m Running TypeScript  [36m.[39m[2K[1G[?25h[?25l [37m[1m [22m[39m Finished TypeScript in 11.5s  [36m.[39m[2K[1G[?25h [37m[1m [22m[39m Finished TypeScript in 11.5s     [32m[1m✓[22m[39m Finished TypeScript in 11.5s 
[?25l [37m[1m [22m[39m Collecting page data using 9 workers  [36m.[39m[2K[1G [37m[1m [22m[39m Collecting page data using 9 workers  [36m..[39m[2K[1G [37m[1m [22m[39m Collecting page data using 9 workers  [36m...[39mMastra telemetry is enabled, but the required instrumentation file was not loaded. If you are using Mastra outside of the mastra server environment, see: https://mastra.ai/en/docs/observability/tracing#tracing-outside-mastra-server-environment If you are using a custom instrumentation file or want to disable this warning, set the globalThis.___MASTRA_TELEMETRY___ variable to true in your instrumentation file.
Mastra telemetry is deprecated and will be removed on the Nov 4th release. Instead use AI Tracing. More info can be found here: https://github.com/mastra-ai/mastra/issues/8577 and here: https://mastra.ai/en/docs/observability/ai-tracing/overview
[2K[1G[?25h [37m[1m [22m[39m Collecting page data using 9 workers in 445.0ms     [32m[1m✓[22m[39m Collecting page data using 9 workers in 445.0ms 
[?25l [37m[1m [22m[39m Generating static pages using 9 workers (0/30)  [36m[    ][39m[2K[1G [37m[1m [22m[39m Generating static pages using 9 workers (1/30)  [36m[=   ][39m[2K[1G[?25hMastra telemetry is enabled, but the required instrumentation file was not loaded. If you are using Mastra outside of the mastra server environment, see: https://mastra.ai/en/docs/observability/tracing#tracing-outside-mastra-server-environment If you are using a custom instrumentation file or want to disable this warning, set the globalThis.___MASTRA_TELEMETRY___ variable to true in your instrumentation file.
Mastra telemetry is deprecated and will be removed on the Nov 4th release. Instead use AI Tracing. More info can be found here: https://github.com/mastra-ai/mastra/issues/8577 and here: https://mastra.ai/en/docs/observability/ai-tracing/overview
[?25h [32m[1m✓[22m[39m Generating static pages using 9 workers (30/30) in 525.8ms
[?25l [37m[1m [22m[39m Finalizing page optimization  [36m.[39m[2K[1G[?25h [37m[1m [22m[39m Finalizing page optimization in 155.5ms     [32m[1m✓[22m[39m Finalizing page optimization in 155.5ms 

[4mRoute (app)[24m
┌ ○ /
├ ○ /_not-found
├ ƒ /api/analyze-csv
├ ƒ /api/pay/checkout
├ ƒ /api/pay/confirm
├ ƒ /api/pay/invoice
├ ƒ /api/schedule-demo
├ ƒ /api/stripe-connect/account
├ ƒ /api/stripe-connect/account-link
├ ƒ /api/stripe-connect/account-session
├ ƒ /api/stripe-connect/status
├ ƒ /api/unsplash
├ ○ /clients
├ ƒ /clients/[clientId]
├ ○ /clients/new
├ ○ /data-security
├ ○ /home
├ ○ /invoices
├ ƒ /invoices/[invoiceId]
├ ○ /organization/complete
├ ○ /organization/profile
├ ƒ /pay/[token]
├ ○ /privacy-policy
├ ○ /projects
├ ƒ /projects/[projectId]
├ ○ /projects/new
├ ○ /quotes
├ ƒ /quotes/[quoteId]
├ ƒ /quotes/[quoteId]/quoteLineEditor
├ ○ /quotes/new
├ ƒ /settings/debug
├ ƒ /sign-in/[[...sign-in]]
├ ƒ /sign-up/[[...sign-up]]
├ ○ /subscription
├ ○ /tasks
└ ○ /terms-of-service


ƒ Proxy (Middleware)

○  (Static)   prerendered as static content
ƒ  (Dynamic)  server-rendered on demand

[?25h
